==4388== Memcheck, a memory error detector
==4388== Copyright (C) 2002-2017, and GNU GPL'd, by Julian Seward et al.
==4388== Using Valgrind-3.15.0 and LibVEX; rerun with -h for copyright info
==4388== Command: ./hsh
==4388== Parent PID: 4358
==4388== 
==4388== 
==4388== HEAP SUMMARY:
==4388==     in use at exit: 1,029 bytes in 2 blocks
==4388==   total heap usage: 4 allocs, 2 frees, 10,245 bytes allocated
==4388== 
==4388== 5 bytes in 1 blocks are definitely lost in loss record 1 of 2
==4388==    at 0x483B7F3: malloc (in /usr/lib/x86_64-linux-gnu/valgrind/vgpreload_memcheck-amd64-linux.so)
==4388==    by 0x48F33BE: strdup (strdup.c:42)
==4388==    by 0x10A765: _strtok (in /simple_shell/hsh)
==4388==    by 0x10A533: main (in /simple_shell/hsh)
==4388== 
==4388== LEAK SUMMARY:
==4388==    definitely lost: 5 bytes in 1 blocks
==4388==    indirectly lost: 0 bytes in 0 blocks
==4388==      possibly lost: 0 bytes in 0 blocks
==4388==    still reachable: 1,024 bytes in 1 blocks
==4388==         suppressed: 0 bytes in 0 blocks
==4388== Reachable blocks (those to which a pointer was found) are not shown.
==4388== To see them, rerun with: --leak-check=full --show-leak-kinds=all
==4388== 
==4388== For lists of detected and suppressed errors, rerun with: -s
==4388== ERROR SUMMARY: 1 errors from 1 contexts (suppressed: 0 from 0)
